<?xml version="1.0" encoding="UTF-8"?>
<!-- Generated by org.testng.reporters.JUnitReportReporter -->
<testsuite hostname="Pravin" failures="0" tests="1" name="Test_Pages.LogOutButton" time="3.903" errors="0" timestamp="2022-12-15T13:51:27 IST" skipped="0">
  <testcase classname="Test_Pages.LogOutButton" name="check_LogOutButton" time="3.903"/>
  <system-out/>
</testsuite> <!-- Test_Pages.LogOutButton -->
