<?xml version="1.0" encoding="UTF-8"?>
<!-- Generated by org.testng.reporters.JUnitReportReporter -->
<testsuite hostname="Pravin" failures="0" tests="9" name="Test_Pages.Dashboard" time="67.349" errors="0" timestamp="2022-12-20T15:39:42 IST" skipped="0">
  <testcase classname="Test_Pages.Dashboard" name="open_Browser" time="15.794"/>
  <system-out/>
  <testcase classname="Test_Pages.Dashboard" name="check_LogOutButton" time="6.807"/>
  <system-out/>
  <testcase classname="Test_Pages.Dashboard" name="check_MoreinfoLink" time="3.324"/>
  <system-out/>
  <testcase classname="Test_Pages.Dashboard" name="check_Moreinfo1" time="6.320"/>
  <system-out/>
  <testcase classname="Test_Pages.Dashboard" name="check_userButton" time="3.110"/>
  <system-out/>
  <testcase classname="Test_Pages.Dashboard" name="check_OperatorsButton" time="9.348"/>
  <system-out/>
  <testcase classname="Test_Pages.Dashboard" name="check_UsefullLinkButton" time="5.996"/>
  <system-out/>
  <testcase classname="Test_Pages.Dashboard" name="check_DowonloadButton" time="4.630"/>
  <system-out/>
  <testcase classname="Test_Pages.Dashboard" name="check_LogoutButton" time="12.020"/>
  <system-out/>
</testsuite> <!-- Test_Pages.Dashboard -->
